<?xml version="1.0" encoding="UTF-8"?>
<testng-results skipped="0" failed="0" ignored="0" total="2" passed="2">
  <reporter-output>
  </reporter-output>
  <suite name="Default suite" duration-ms="77834" started-at="2018-02-08T03:57:25Z" finished-at="2018-02-08T03:58:43Z">
    <groups>
    </groups>
    <test name="Default test" duration-ms="77834" started-at="2018-02-08T03:57:25Z" finished-at="2018-02-08T03:58:43Z">
      <class name="Test1.Test_TC_001">
        <test-method status="PASS" signature="DB_Con()[pri:0, instance:Test1.Test_TC_001@28feb3fa]" name="DB_Con" is-config="true" duration-ms="295" started-at="2018-02-08T09:27:25Z" finished-at="2018-02-08T09:27:25Z">
          <reporter-output>
          </reporter-output>
        </test-method> <!-- DB_Con -->
        <test-method status="PASS" signature="TestRun_1()[pri:0, instance:Test1.Test_TC_001@28feb3fa]" name="TestRun_1" duration-ms="13988" started-at="2018-02-08T09:27:25Z" finished-at="2018-02-08T09:27:39Z">
          <reporter-output>
          </reporter-output>
        </test-method> <!-- TestRun_1 -->
        <test-method status="PASS" signature="TestRun_2()[pri:0, instance:Test1.Test_TC_001@28feb3fa]" name="TestRun_2" duration-ms="63532" started-at="2018-02-08T09:27:39Z" finished-at="2018-02-08T09:28:43Z">
          <reporter-output>
          </reporter-output>
        </test-method> <!-- TestRun_2 -->
      </class> <!-- Test1.Test_TC_001 -->
    </test> <!-- Default test -->
  </suite> <!-- Default suite -->
</testng-results>
